# JRE version: OpenJDK Runtime Environment (8.0_242) (build 1.8.0_242-release-1644-b3-6222593)
# Java VM: OpenJDK 64-Bit Server VM (25.242-b3-6222593 mixed mode bsd-amd64 compressed oops)
Heap:
 PSYoungGen      total 1159168K, used 677598K [0x000000066ab00000, 0x00000006bbc80000, 0x00000007c0000000)
  eden space 1014784K, 57% used [0x000000066ab00000,0x000000068e47dbc8,0x00000006a8a00000)
  from space 144384K, 65% used [0x00000006b1c00000,0x00000006b7839de8,0x00000006ba900000)
  to   space 149504K, 0% used [0x00000006a8a00000,0x00000006a8a00000,0x00000006b1c00000)
 ParOldGen       total 786432K, used 97130K [0x00000003c0000000, 0x00000003f0000000, 0x000000066ab00000)
  object space 786432K, 12% used [0x00000003c0000000,0x00000003c5eda8c0,0x00000003f0000000)
 Metaspace       used 186063K, capacity 189662K, committed 190064K, reserved 1216512K
  class space    used 21316K, capacity 22054K, committed 22128K, reserved 1048576K
GC Heap History (10 events):
Event: 1342.217 GC heap before
{Heap before GC invocations=21 (full 4):
 PSYoungGen      total 754176K, used 754163K [0x000000066ab00000, 0x00000006a6780000, 0x00000007c0000000)
  eden space 674304K, 100% used [0x000000066ab00000,0x0000000693d80000,0x0000000693d80000)
  from space 79872K, 99% used [0x000000069aa80000,0x000000069f87cca8,0x000000069f880000)
  to   space 111616K, 0% used [0x0000000693d80000,0x0000000693d80000,0x000000069aa80000)
 ParOldGen       total 655360K, used 170701K [0x00000003c0000000, 0x00000003e8000000, 0x000000066ab00000)
  object space 655360K, 26% used [0x00000003c0000000,0x00000003ca6b3610,0x00000003e8000000)
 Metaspace       used 124451K, capacity 127286K, committed 127400K, reserved 1161216K
  class space    used 14601K, capacity 15195K, committed 15272K, reserved 1048576K
Event: 1342.258 GC heap after
Heap after GC invocations=21 (full 4):
 PSYoungGen      total 785920K, used 109998K [0x000000066ab00000, 0x00000006ad900000, 0x00000007c0000000)
  eden space 674304K, 0% used [0x000000066ab00000,0x000000066ab00000,0x0000000693d80000)
  from space 111616K, 98% used [0x0000000693d80000,0x000000069a8eb940,0x000000069aa80000)
  to   space 129536K, 0% used [0x00000006a5a80000,0x00000006a5a80000,0x00000006ad900000)
 ParOldGen       total 655360K, used 170709K [0x00000003c0000000, 0x00000003e8000000, 0x000000066ab00000)
  object space 655360K, 26% used [0x00000003c0000000,0x00000003ca6b5610,0x00000003e8000000)
 Metaspace       used 124451K, capacity 127286K, committed 127400K, reserved 1161216K
  class space    used 14601K, capacity 15195K, committed 15272K, reserved 1048576K
}
Event: 1346.483 GC heap before
{Heap before GC invocations=22 (full 4):
 PSYoungGen      total 785920K, used 784302K [0x000000066ab00000, 0x00000006ad900000, 0x00000007c0000000)
  eden space 674304K, 100% used [0x000000066ab00000,0x0000000693d80000,0x0000000693d80000)
  from space 111616K, 98% used [0x0000000693d80000,0x000000069a8eb940,0x000000069aa80000)
  to   space 129536K, 0% used [0x00000006a5a80000,0x00000006a5a80000,0x00000006ad900000)
 ParOldGen       total 655360K, used 170709K [0x00000003c0000000, 0x00000003e8000000, 0x000000066ab00000)
  object space 655360K, 26% used [0x00000003c0000000,0x00000003ca6b5610,0x00000003e8000000)
 Metaspace       used 143149K, capacity 146417K, committed 146600K, reserved 1177600K
  class space    used 16851K, capacity 17568K, committed 17576K, reserved 1048576K
Event: 1346.529 GC heap after
Heap after GC invocations=22 (full 4):
 PSYoungGen      total 954880K, used 101163K [0x000000066ab00000, 0x00000006ae800000, 0x00000007c0000000)
  eden space 825344K, 0% used [0x000000066ab00000,0x000000066ab00000,0x000000069d100000)
  from space 129536K, 78% used [0x00000006a5a80000,0x00000006abd4af48,0x00000006ad900000)
  to   space 140800K, 0% used [0x000000069d100000,0x000000069d100000,0x00000006a5a80000)
 ParOldGen       total 655360K, used 201659K [0x00000003c0000000, 0x00000003e8000000, 0x000000066ab00000)
  object space 655360K, 30% used [0x00000003c0000000,0x00000003cc4eef10,0x00000003e8000000)
 Metaspace       used 143149K, capacity 146417K, committed 146600K, reserved 1177600K
  class space    used 16851K, capacity 17568K, committed 17576K, reserved 1048576K
}
Event: 1348.340 GC heap before
{Heap before GC invocations=23 (full 4):
 PSYoungGen      total 954880K, used 324483K [0x000000066ab00000, 0x00000006ae800000, 0x00000007c0000000)
  eden space 825344K, 27% used [0x000000066ab00000,0x0000000678515d38,0x000000069d100000)
  from space 129536K, 78% used [0x00000006a5a80000,0x00000006abd4af48,0x00000006ad900000)
  to   space 140800K, 0% used [0x000000069d100000,0x000000069d100000,0x00000006a5a80000)
 ParOldGen       total 655360K, used 201659K [0x00000003c0000000, 0x00000003e8000000, 0x000000066ab00000)
  object space 655360K, 30% used [0x00000003c0000000,0x00000003cc4eef10,0x00000003e8000000)
 Metaspace       used 160655K, capacity 164144K, committed 164336K, reserved 1193984K
  class space    used 19152K, capacity 19889K, committed 19952K, reserved 1048576K
Event: 1348.379 GC heap after
Heap after GC invocations=23 (full 4):
 PSYoungGen      total 966144K, used 86654K [0x000000066ab00000, 0x00000006ba900000, 0x00000007c0000000)
  eden space 825344K, 0% used [0x000000066ab00000,0x000000066ab00000,0x000000069d100000)
  from space 140800K, 61% used [0x000000069d100000,0x00000006a259fa20,0x00000006a5a80000)
  to   space 144384K, 0% used [0x00000006b1c00000,0x00000006b1c00000,0x00000006ba900000)
 ParOldGen       total 655360K, used 231768K [0x00000003c0000000, 0x00000003e8000000, 0x000000066ab00000)
  object space 655360K, 35% used [0x00000003c0000000,0x00000003ce2562e8,0x00000003e8000000)
 Metaspace       used 160655K, capacity 164144K, committed 164336K, reserved 1193984K
  class space    used 19152K, capacity 19889K, committed 19952K, reserved 1048576K
}
Event: 1348.379 GC heap before
{Heap before GC invocations=24 (full 5):
 PSYoungGen      total 966144K, used 86654K [0x000000066ab00000, 0x00000006ba900000, 0x00000007c0000000)
  eden space 825344K, 0% used [0x000000066ab00000,0x000000066ab00000,0x000000069d100000)
  from space 140800K, 61% used [0x000000069d100000,0x00000006a259fa20,0x00000006a5a80000)
  to   space 144384K, 0% used [0x00000006b1c00000,0x00000006b1c00000,0x00000006ba900000)
 ParOldGen       total 655360K, used 231768K [0x00000003c0000000, 0x00000003e8000000, 0x000000066ab00000)
  object space 655360K, 35% used [0x00000003c0000000,0x00000003ce2562e8,0x00000003e8000000)
 Metaspace       used 160655K, capacity 164144K, committed 164336K, reserved 1193984K
  class space    used 19152K, capacity 19889K, committed 19952K, reserved 1048576K
Event: 1348.556 GC heap after
Heap after GC invocations=24 (full 5):
 PSYoungGen      total 966144K, used 0K [0x000000066ab00000, 0x00000006ba900000, 0x00000007c0000000)
  eden space 825344K, 0% used [0x000000066ab00000,0x000000066ab00000,0x000000069d100000)
  from space 140800K, 0% used [0x000000069d100000,0x000000069d100000,0x00000006a5a80000)
  to   space 144384K, 0% used [0x00000006b1c00000,0x00000006b1c00000,0x00000006ba900000)
 ParOldGen       total 786432K, used 97122K [0x00000003c0000000, 0x00000003f0000000, 0x000000066ab00000)
  object space 786432K, 12% used [0x00000003c0000000,0x00000003c5ed88c0,0x00000003f0000000)
 Metaspace       used 160606K, capacity 164006K, committed 164336K, reserved 1193984K
  class space    used 19137K, capacity 19844K, committed 19952K, reserved 1048576K
}
Event: 1353.539 GC heap before
{Heap before GC invocations=25 (full 5):
 PSYoungGen      total 966144K, used 825344K [0x000000066ab00000, 0x00000006ba900000, 0x00000007c0000000)
  eden space 825344K, 100% used [0x000000066ab00000,0x000000069d100000,0x000000069d100000)
  from space 140800K, 0% used [0x000000069d100000,0x000000069d100000,0x00000006a5a80000)
  to   space 144384K, 0% used [0x00000006b1c00000,0x00000006b1c00000,0x00000006ba900000)
 ParOldGen       total 786432K, used 97122K [0x00000003c0000000, 0x00000003f0000000, 0x000000066ab00000)
  object space 786432K, 12% used [0x00000003c0000000,0x00000003c5ed88c0,0x00000003f0000000)
 Metaspace       used 175504K, capacity 179134K, committed 179440K, reserved 1208320K
  class space    used 20464K, capacity 21216K, committed 21232K, reserved 1048576K
Event: 1353.576 GC heap after
Heap after GC invocations=25 (full 5):
 PSYoungGen      total 1159168K, used 94439K [0x000000066ab00000, 0x00000006bbc80000, 0x00000007c0000000)
  eden space 1014784K, 0% used [0x000000066ab00000,0x000000066ab00000,0x00000006a8a00000)
  from space 144384K, 65% used [0x00000006b1c00000,0x00000006b7839de8,0x00000006ba900000)
  to   space 149504K, 0% used [0x00000006a8a00000,0x00000006a8a00000,0x00000006b1c00000)
 ParOldGen       total 786432K, used 97130K [0x00000003c0000000, 0x00000003f0000000, 0x000000066ab00000)
  object space 786432K, 12% used [0x00000003c0000000,0x00000003c5eda8c0,0x00000003f0000000)
 Metaspace       used 175504K, capacity 179134K, committed 179440K, reserved 1208320K
  class space    used 20464K, capacity 21216K, committed 21232K, reserved 1048576K
}

